<?xml version="1.0" encoding="UTF-8"?>
<testsuite xmlns:xsi="http://www.w3.org/2001/XMLSchema-instance" xsi:schemaLocation="https://maven.apache.org/surefire/maven-surefire-plugin/xsd/surefire-test-report.xsd" name="org.example.CalculadoraTest" time="0.032" tests="4" errors="0" skipped="1" failures="0">
  <properties>
[...]
</properties>
  <testcase name="probarResta" classname="org.example.CalculadoraTest" time="0">
    <skipped message="No me gustan las restas"/>
  </testcase>
  <testcase name="probarSuma" classname="org.example.CalculadoraTest" time="0.018"/>
  <testcase name="probarDivision" classname="org.example.CalculadoraTest" time="0"/>
  <testcase name="probarMultiplicacion" classname="org.example.CalculadoraTest" time="0.001"/>
</testsuite>